[2020-01-25T01:26:24.002521-02:00] name.WARNING: ==================[ Incoming Request ]================== [] []
[2020-01-25T01:31:08.136176-02:00] name.WARNING: ==================[ Incoming Request ]================== [] []
[2020-01-25T01:31:08.150572-02:00] name.WARNING: Params: Array (     [0] => api     [1] => v2 )  [] []
[2020-01-25T01:33:08.020137-02:00] name.WARNING: ==================[ Incoming Request ]================== [] []
[2020-01-25T01:33:08.025725-02:00] name.WARNING: Params: Array (     [0] => api     [1] => v2     [2] => echo )  [] []
[2020-01-25T01:37:18.777254-02:00] name.WARNING: ==================[ Incoming Request ]================== [] []
[2020-01-25T01:37:18.778320-02:00] name.WARNING: Params: Array (     [0] => api     [1] => v2     [2] => echo )  [] []
[2020-01-25T01:41:52.566772-02:00] name.WARNING: ==================[ Incoming Request ]================== [] []
[2020-01-25T01:41:52.567895-02:00] name.WARNING: Params: Array (     [0] => api     [1] => v2     [2] => echo )  [] []
[2020-01-25T01:44:03.496105-02:00] name.WARNING: ==================[ Incoming Request ]================== [] []
[2020-01-25T01:44:03.497115-02:00] name.WARNING: Params: Array (     [0] => api     [1] => v2     [2] => echo )  [] []
[2020-01-25T01:52:19.223997-02:00] name.WARNING: ==================[ Incoming Request ]================== [] []
[2020-01-25T01:52:19.225010-02:00] name.WARNING: Params: Array (     [0] => api     [1] => v2     [2] => echo )  [] []
[2020-01-25T02:02:46.351780-02:00] name.WARNING: ==================[ Incoming Request ]================== [] []
[2020-01-25T02:02:46.352758-02:00] name.WARNING: Params: Array (     [0] => api     [1] => v2     [2] => echo )  [] []
[2020-01-25T02:16:54.324447-02:00] name.WARNING: ==================[ Incoming Request ]================== [] []
[2020-01-25T02:16:54.325569-02:00] name.WARNING: Params: Array (     [0] => api     [1] => v2     [2] => echo )  [] []
[2020-01-25T02:22:03.397609-02:00] name.WARNING: ==================[ Incoming Request ]================== [] []
[2020-01-25T02:22:03.408931-02:00] name.WARNING: Params: Array (     [0] => api     [1] => v2     [2] => woocommerce     [3] => webhooks )  [] []
[2020-01-25T02:22:03.408996-02:00] name.WARNING: ------------------[ route_woocommerce_webhooks ]------------------ [] []
[2020-01-25T02:22:03.409062-02:00] name.WARNING: Manually process order: 67665 [] []
[2020-01-25T02:22:03.409093-02:00] name.WARNING: Proccessing order: 67665 [] []
[2020-01-25T02:22:14.412482-02:00] name.WARNING: Subscribing on MailChimp: 67665 [] []
[2020-01-25T02:22:14.565009-02:00] name.WARNING: Mailchimp Error:  Array (     [type] => http://developer.mailchimp.com/documentation/mailchimp/guides/error-glossary/     [title] => API Key Invalid     [status] => 401     [detail] => API key has been disabled     [instance] => 4dccd60a-3548-4864-9b05-8f8b72dfcda6 )  [] []
[2020-01-25T02:22:14.565124-02:00] name.WARNING: dump array posted:  Array (     [merge_fields] => Array         (             [CLIENTE] => SIM             [NOME] => JACQUELINE              [SOBRENOME] => SILVA             [COMPRA] => 2020-01-24T18:38:11             [PAGAMENTO] => 2020-01-24T18:43:25             [SITUACAO] => completed             [ENDERECO] => Rua Coronel Vicente De Carvalho             [BAIRRO] => Julieta             [CIDADE] => Butia             [ESTADO] => RS             [CEP] => 96750000             [CURSO] => Equações do Segundo Grau             [TELEFONE] => 51996309443             [CELULAR] => +5551996309443             [CPF] => 95246282015             [CNPJ] =>              [TIPOCLIENT] => F         )      [tags] => Array         (             [0] => C039D             [1] => CURSO             [2] => C038             [3] => CURSO         )      [status] => subscribed     [email_address] => jacquelineizaguirrepeltz549@gmail.com )  [] []
[2020-01-25T02:24:11.112597-02:00] name.WARNING: ==================[ Incoming Request ]================== [] []
[2020-01-25T02:24:11.123062-02:00] name.WARNING: Params: Array (     [0] => api     [1] => v2     [2] => woocommerce     [3] => webhooks )  [] []
[2020-01-25T02:24:11.123193-02:00] name.WARNING: ------------------[ route_woocommerce_webhooks ]------------------ [] []
[2020-01-25T02:24:11.123309-02:00] name.WARNING: Manually process order: 67665 [] []
[2020-01-25T02:24:11.123344-02:00] name.WARNING: Proccessing order: 67665 [] []
[2020-01-25T02:24:17.096270-02:00] name.WARNING: Subscribing on MailChimp: 67665 [] []
[2020-01-25T02:24:17.237835-02:00] name.WARNING: Mailchimp Error:  Array (     [type] => http://developer.mailchimp.com/documentation/mailchimp/guides/error-glossary/     [title] => API Key Invalid     [status] => 401     [detail] => API key has been disabled     [instance] => 240fb764-b911-42bc-85a0-12b2d7eef459 )  [] []
[2020-01-25T02:24:17.237997-02:00] name.WARNING: dump array posted:  Array (     [merge_fields] => Array         (             [CLIENTE] => SIM             [NOME] => JACQUELINE              [SOBRENOME] => SILVA             [COMPRA] => 2020-01-24T18:38:11             [PAGAMENTO] => 2020-01-24T18:43:25             [SITUACAO] => completed             [ENDERECO] => Rua Coronel Vicente De Carvalho             [BAIRRO] => Julieta             [CIDADE] => Butia             [ESTADO] => RS             [CEP] => 96750000             [CURSO] => Equações do Segundo Grau             [TELEFONE] => 51996309443             [CELULAR] => +5551996309443             [CPF] => 95246282015             [CNPJ] =>              [TIPOCLIENT] => F         )      [tags] => Array         (             [0] => C039D             [1] => CURSO             [2] => C038             [3] => CURSO         )      [status] => subscribed     [email_address] => jacquelineizaguirrepeltz549@gmail.com )  [] []
[2020-01-25T02:26:04.523940-02:00] name.WARNING: ==================[ Incoming Request ]================== [] []
[2020-01-25T02:26:04.525011-02:00] name.WARNING: Params: Array (     [0] => api     [1] => v2     [2] => woocommerce     [3] => webhooks )  [] []
[2020-01-25T02:26:04.525054-02:00] name.WARNING: ------------------[ route_woocommerce_webhooks ]------------------ [] []
[2020-01-25T02:26:04.525111-02:00] name.WARNING: Manually process order: 67665 [] []
[2020-01-25T02:26:04.525142-02:00] name.WARNING: Proccessing order: 67665 [] []
[2020-01-25T02:26:09.479566-02:00] name.WARNING: Subscribing on MailChimp: 67665 [] []
[2020-01-25T02:26:09.883390-02:00] name.WARNING: Member Exists on list, tryng to update... [] []
[2020-01-25T02:26:10.360084-02:00] name.WARNING: Error on update tag: CURSO. Fail or email already exist on tag. [] []
[2020-01-25T02:26:10.492256-02:00] name.WARNING: Error on update tag: CURSO. Fail or email already exist on tag. [] []
[2020-01-25T02:26:10.492396-02:00] name.WARNING: Success updated to Mailchimp! [] []
[2020-01-25T02:26:10.492428-02:00] name.WARNING: ------------------[ route_woocommerce_webhooks ]------------------ END [] []
[2020-01-25T02:30:32.990881-02:00] name.WARNING: ==================[ Incoming Request ]================== [] []
[2020-01-25T02:30:32.992488-02:00] name.WARNING: Params: Array (     [0] => api     [1] => v2     [2] => woocommerce     [3] => webhooks )  [] []
[2020-01-25T02:30:32.992534-02:00] name.WARNING: ------------------[ route_woocommerce_webhooks ]------------------ [] []
[2020-01-25T02:30:32.992589-02:00] name.WARNING: Manually process order: 67665 [] []
[2020-01-25T02:30:32.992618-02:00] name.WARNING: Proccessing order: 67665 [] []
[2020-01-25T02:32:54.208962-02:00] name.WARNING: ==================[ Incoming Request ]================== [] []
[2020-01-25T02:32:54.210206-02:00] name.WARNING: Params: Array (     [0] => api     [1] => v2     [2] => woocommerce     [3] => webhooks )  [] []
[2020-01-25T02:32:54.210255-02:00] name.WARNING: ------------------[ route_woocommerce_webhooks ]------------------ [] []
[2020-01-25T02:32:54.210311-02:00] name.WARNING: Manually process order: 67553 [] []
[2020-01-25T02:32:54.210342-02:00] name.WARNING: Proccessing order: 67553 [] []
[2020-01-25T02:34:13.052937-02:00] name.WARNING: ==================[ Incoming Request ]================== [] []
[2020-01-25T02:34:13.064830-02:00] name.WARNING: Params: Array (     [0] => api     [1] => v2     [2] => woocommerce     [3] => webhooks )  [] []
[2020-01-25T02:34:13.064898-02:00] name.WARNING: ------------------[ route_woocommerce_webhooks ]------------------ [] []
[2020-01-25T02:34:13.064952-02:00] name.WARNING: Manually process order: 67499 [] []
[2020-01-25T02:34:13.064980-02:00] name.WARNING: Proccessing order: 67499 [] []
[2020-01-25T02:34:57.896263-02:00] name.WARNING: ==================[ Incoming Request ]================== [] []
[2020-01-25T02:34:57.897383-02:00] name.WARNING: Params: Array (     [0] => api     [1] => v2     [2] => woocommerce     [3] => webhooks )  [] []
[2020-01-25T02:34:57.897431-02:00] name.WARNING: ------------------[ route_woocommerce_webhooks ]------------------ [] []
[2020-01-25T02:34:57.897489-02:00] name.WARNING: Manually process order: 67499 [] []
[2020-01-25T02:34:57.897521-02:00] name.WARNING: Proccessing order: 67499 [] []
[2020-01-25T02:36:27.614805-02:00] name.WARNING: ==================[ Incoming Request ]================== [] []
[2020-01-25T02:36:27.620373-02:00] name.WARNING: Params: Array (     [0] => api     [1] => v2     [2] => woocommerce     [3] => webhooks )  [] []
[2020-01-25T02:36:27.620418-02:00] name.WARNING: ------------------[ route_woocommerce_webhooks ]------------------ [] []
[2020-01-25T02:36:27.620473-02:00] name.WARNING: Manually process order: 67499 [] []
[2020-01-25T02:36:27.620501-02:00] name.WARNING: Proccessing order: 67499 [] []
[2020-01-25T02:38:32.998086-02:00] name.WARNING: ==================[ Incoming Request ]================== [] []
[2020-01-25T02:38:33.005881-02:00] name.WARNING: Params: Array (     [0] => api     [1] => v2     [2] => woocommerce     [3] => webhooks )  [] []
[2020-01-25T02:38:33.005977-02:00] name.WARNING: ------------------[ route_woocommerce_webhooks ]------------------ [] []
[2020-01-25T02:38:33.006040-02:00] name.WARNING: Manually process order: 67499 [] []
[2020-01-25T02:38:33.006073-02:00] name.WARNING: Proccessing order: 67499 [] []
[2020-01-25T02:40:09.580426-02:00] name.WARNING: ==================[ Incoming Request ]================== [] []
[2020-01-25T02:40:09.581533-02:00] name.WARNING: Params: Array (     [0] => api     [1] => v2     [2] => woocommerce     [3] => webhooks )  [] []
[2020-01-25T02:40:09.581576-02:00] name.WARNING: ------------------[ route_woocommerce_webhooks ]------------------ [] []
[2020-01-25T02:40:09.581631-02:00] name.WARNING: Manually process order: 67499 [] []
[2020-01-25T02:40:09.581662-02:00] name.WARNING: Proccessing order: 67499 [] []
[2020-01-25T02:44:51.065000-02:00] name.WARNING: ==================[ Incoming Request ]================== [] []
[2020-01-25T02:44:51.066016-02:00] name.WARNING: Params: Array (     [0] => api     [1] => v2     [2] => woocommerce     [3] => webhooks )  [] []
[2020-01-25T02:44:51.066058-02:00] name.WARNING: ------------------[ route_woocommerce_webhooks ]------------------ [] []
[2020-01-25T02:44:51.066110-02:00] name.WARNING: Manually process order: 67519 [] []
[2020-01-25T02:44:51.066141-02:00] name.WARNING: Proccessing order: 67519 [] []
[2020-01-25T02:45:20.202429-02:00] name.WARNING: ==================[ Incoming Request ]================== [] []
[2020-01-25T02:45:20.203507-02:00] name.WARNING: Params: Array (     [0] => api     [1] => v2     [2] => woocommerce     [3] => webhooks )  [] []
[2020-01-25T02:45:20.203551-02:00] name.WARNING: ------------------[ route_woocommerce_webhooks ]------------------ [] []
[2020-01-25T02:45:20.203606-02:00] name.WARNING: Manually process order: 67519 [] []
[2020-01-25T02:45:20.203637-02:00] name.WARNING: Proccessing order: 67519 [] []
[2020-01-25T02:46:30.261696-02:00] name.WARNING: ==================[ Incoming Request ]================== [] []
[2020-01-25T02:46:30.264115-02:00] name.WARNING: Params: Array (     [0] => api     [1] => v2     [2] => woocommerce     [3] => webhooks )  [] []
[2020-01-25T02:46:30.264164-02:00] name.WARNING: ------------------[ route_woocommerce_webhooks ]------------------ [] []
[2020-01-25T02:46:30.264230-02:00] name.WARNING: Manually process order: 67370 [] []
[2020-01-25T02:46:30.264285-02:00] name.WARNING: Proccessing order: 67370 [] []
[2020-01-25T02:48:36.399250-02:00] name.WARNING: ==================[ Incoming Request ]================== [] []
[2020-01-25T02:48:36.403096-02:00] name.WARNING: Params: Array (     [0] => api     [1] => v2     [2] => woocommerce     [3] => webhooks )  [] []
[2020-01-25T02:48:36.403233-02:00] name.WARNING: ------------------[ route_woocommerce_webhooks ]------------------ [] []
[2020-01-25T02:48:36.403315-02:00] name.WARNING: Manually process order: 67370 [] []
[2020-01-25T02:48:36.403347-02:00] name.WARNING: Proccessing order: 67370 [] []
[2020-01-25T02:49:10.699226-02:00] name.WARNING: ==================[ Incoming Request ]================== [] []
[2020-01-25T02:49:10.700223-02:00] name.WARNING: Params: Array (     [0] => api     [1] => v2     [2] => woocommerce     [3] => webhooks )  [] []
[2020-01-25T02:49:10.700265-02:00] name.WARNING: ------------------[ route_woocommerce_webhooks ]------------------ [] []
[2020-01-25T02:49:10.700317-02:00] name.WARNING: Manually process order: 67370 [] []
[2020-01-25T02:49:10.700466-02:00] name.WARNING: Proccessing order: 67370 [] []
[2020-01-25T02:50:23.149748-02:00] name.WARNING: ==================[ Incoming Request ]================== [] []
[2020-01-25T02:50:23.151046-02:00] name.WARNING: Params: Array (     [0] => api     [1] => v2     [2] => woocommerce     [3] => webhooks )  [] []
[2020-01-25T02:50:23.151090-02:00] name.WARNING: ------------------[ route_woocommerce_webhooks ]------------------ [] []
[2020-01-25T02:50:23.151148-02:00] name.WARNING: Manually process order: 65266 [] []
[2020-01-25T02:50:23.151178-02:00] name.WARNING: Proccessing order: 65266 [] []
[2020-01-25T02:53:14.079464-02:00] name.WARNING: ==================[ Incoming Request ]================== [] []
[2020-01-25T02:53:14.080758-02:00] name.WARNING: Params: Array (     [0] => api     [1] => v2     [2] => woocommerce     [3] => webhooks )  [] []
[2020-01-25T02:53:14.080810-02:00] name.WARNING: ------------------[ route_woocommerce_webhooks ]------------------ [] []
[2020-01-25T02:53:14.080870-02:00] name.WARNING: Manually process order: 2589 [] []
[2020-01-25T02:53:14.080901-02:00] name.WARNING: Proccessing order: 2589 [] []
[2020-01-25T02:55:43.146911-02:00] name.WARNING: ==================[ Incoming Request ]================== [] []
[2020-01-25T02:55:43.147916-02:00] name.WARNING: Params: Array (     [0] => api     [1] => v2     [2] => woocommerce     [3] => webhooks )  [] []
[2020-01-25T02:55:43.147958-02:00] name.WARNING: ------------------[ route_woocommerce_webhooks ]------------------ [] []
[2020-01-25T02:55:43.148009-02:00] name.WARNING: Manually process order: 2589 [] []
[2020-01-25T02:55:43.148040-02:00] name.WARNING: Proccessing order: 2589 [] []
[2020-01-25T02:57:21.417188-02:00] name.WARNING: ==================[ Incoming Request ]================== [] []
[2020-01-25T02:57:21.423305-02:00] name.WARNING: Params: Array (     [0] => api     [1] => v2     [2] => woocommerce     [3] => webhooks )  [] []
[2020-01-25T02:57:21.423478-02:00] name.WARNING: ------------------[ route_woocommerce_webhooks ]------------------ [] []
[2020-01-25T02:57:21.423536-02:00] name.WARNING: Manually process order: 2196 [] []
[2020-01-25T02:57:21.423567-02:00] name.WARNING: Proccessing order: 2196 [] []
[2020-01-25T02:59:26.047878-02:00] name.WARNING: ==================[ Incoming Request ]================== [] []
[2020-01-25T02:59:26.048977-02:00] name.WARNING: Params: Array (     [0] => api     [1] => v2     [2] => woocommerce     [3] => webhooks )  [] []
[2020-01-25T02:59:26.049025-02:00] name.WARNING: ------------------[ route_woocommerce_webhooks ]------------------ [] []
[2020-01-25T02:59:26.049078-02:00] name.WARNING: Manually process order: 2196 [] []
[2020-01-25T02:59:26.049108-02:00] name.WARNING: Proccessing order: 2196 [] []
[2020-01-25T03:07:02.043418-02:00] name.WARNING: ==================[ Incoming Request ]================== [] []
[2020-01-25T03:07:02.044380-02:00] name.WARNING: Params: Array (     [0] => api     [1] => v2     [2] => woocommerce     [3] => webhooks )  [] []
[2020-01-25T03:07:02.044450-02:00] name.WARNING: ------------------[ route_woocommerce_webhooks ]------------------ [] []
[2020-01-25T03:07:02.044502-02:00] name.WARNING: Manually process order: 2196 [] []
[2020-01-25T03:07:02.044530-02:00] name.WARNING: Proccessing order: 2196 [] []
[2020-01-25T03:09:45.492417-02:00] name.WARNING: ==================[ Incoming Request ]================== [] []
[2020-01-25T03:09:45.493481-02:00] name.WARNING: Params: Array (     [0] => api     [1] => v2     [2] => woocommerce     [3] => webhooks )  [] []
[2020-01-25T03:09:45.493527-02:00] name.WARNING: ------------------[ route_woocommerce_webhooks ]------------------ [] []
[2020-01-25T03:09:45.493580-02:00] name.WARNING: Manually process order: 67685 [] []
[2020-01-25T03:09:45.493611-02:00] name.WARNING: Proccessing order: 67685 [] []
[2020-01-25T03:13:24.832850-02:00] name.WARNING: ==================[ Incoming Request ]================== [] []
[2020-01-25T03:13:24.833811-02:00] name.WARNING: Params: Array (     [0] => api     [1] => v2     [2] => woocommerce     [3] => webhooks )  [] []
[2020-01-25T03:13:24.833855-02:00] name.WARNING: ------------------[ route_woocommerce_webhooks ]------------------ [] []
[2020-01-25T03:13:24.833953-02:00] name.WARNING: Manually process order: 67685 [] []
[2020-01-25T03:13:24.833985-02:00] name.WARNING: Proccessing order: 67685 [] []
[2020-01-25T03:14:27.828671-02:00] name.WARNING: ==================[ Incoming Request ]================== [] []
[2020-01-25T03:14:27.829993-02:00] name.WARNING: Params: Array (     [0] => api     [1] => v2     [2] => woocommerce     [3] => webhooks )  [] []
[2020-01-25T03:14:27.830048-02:00] name.WARNING: ------------------[ route_woocommerce_webhooks ]------------------ [] []
[2020-01-25T03:14:27.830116-02:00] name.WARNING: Manually process order: 67685 [] []
[2020-01-25T03:14:27.830148-02:00] name.WARNING: Proccessing order: 67685 [] []
[2020-01-25T03:15:47.226405-02:00] name.WARNING: ==================[ Incoming Request ]================== [] []
[2020-01-25T03:15:47.227404-02:00] name.WARNING: Params: Array (     [0] => api     [1] => v2     [2] => woocommerce     [3] => webhooks )  [] []
[2020-01-25T03:15:47.227450-02:00] name.WARNING: ------------------[ route_woocommerce_webhooks ]------------------ [] []
[2020-01-25T03:15:47.227503-02:00] name.WARNING: Manually process order: 67685 [] []
[2020-01-25T03:15:47.227534-02:00] name.WARNING: Proccessing order: 67685 [] []
[2020-01-25T03:16:22.449553-02:00] name.WARNING: ==================[ Incoming Request ]================== [] []
[2020-01-25T03:16:22.455411-02:00] name.WARNING: Params: Array (     [0] => api     [1] => v2     [2] => woocommerce     [3] => webhooks )  [] []
[2020-01-25T03:16:22.455463-02:00] name.WARNING: ------------------[ route_woocommerce_webhooks ]------------------ [] []
[2020-01-25T03:16:22.455524-02:00] name.WARNING: Manually process order: 67685 [] []
[2020-01-25T03:16:22.455553-02:00] name.WARNING: Proccessing order: 67685 [] []
[2020-01-25T03:17:58.503161-02:00] name.WARNING: ==================[ Incoming Request ]================== [] []
[2020-01-25T03:17:58.512660-02:00] name.WARNING: Params: Array (     [0] => api     [1] => v2     [2] => woocommerce     [3] => webhooks )  [] []
[2020-01-25T03:17:58.512709-02:00] name.WARNING: ------------------[ route_woocommerce_webhooks ]------------------ [] []
[2020-01-25T03:17:58.512767-02:00] name.WARNING: Manually process order: 67685 [] []
[2020-01-25T03:17:58.512797-02:00] name.WARNING: Proccessing order: 67685 [] []
[2020-01-25T03:18:57.892927-02:00] name.WARNING: ==================[ Incoming Request ]================== [] []
[2020-01-25T03:18:57.894030-02:00] name.WARNING: Params: Array (     [0] => api     [1] => v2     [2] => woocommerce     [3] => webhooks )  [] []
[2020-01-25T03:18:57.894076-02:00] name.WARNING: ------------------[ route_woocommerce_webhooks ]------------------ [] []
[2020-01-25T03:18:57.894130-02:00] name.WARNING: Manually process order: 67685 [] []
[2020-01-25T03:18:57.894182-02:00] name.WARNING: Proccessing order: 67685 [] []
[2020-01-25T03:19:01.349510-02:00] name.WARNING: Subscribing on MailChimp: 67685 [] []
[2020-01-25T03:19:01.602241-02:00] name.WARNING: Mailchimp Error:  Array (     [type] => http://developer.mailchimp.com/documentation/mailchimp/guides/error-glossary/     [title] => API Key Invalid     [status] => 401     [detail] => API key has been disabled     [instance] => d5d200b4-27e9-45f3-8bd2-ea82c7984ebb )  [] []
[2020-01-25T03:19:01.602372-02:00] name.WARNING: dump array posted:  Array (     [merge_fields] => Array         (             [CLIENTE] => NAO             [NOME] => MEIBI             [SOBRENOME] => SILVA             [COMPRA] => 2020-01-24T21:54:54             [PAGAMENTO] => 2020-01-24T21:54:59             [SITUACAO] => completed             [ENDERECO] => Rua Jose Galindo Garcia             [BAIRRO] => JD VERÃO             [CIDADE] => Sarandí             [ESTADO] => PR             [CEP] => 87111560             [CURSO] => O que é resolver problema? - Demonstração             [TELEFONE] => 4499991001             [CELULAR] => 4499991001             [CPF] => 34102823867             [CNPJ] =>              [TIPOCLIENT] => F         )      [tags] => Array         (             [0] => C039D         )      [status] => subscribed     [email_address] => meibyexatas@gmail.com )  [] []
[2020-01-25T03:20:21.553340-02:00] name.WARNING: ==================[ Incoming Request ]================== [] []
[2020-01-25T03:20:21.554414-02:00] name.WARNING: Params: Array (     [0] => api     [1] => v2     [2] => woocommerce     [3] => webhooks )  [] []
[2020-01-25T03:20:21.554457-02:00] name.WARNING: ------------------[ route_woocommerce_webhooks ]------------------ [] []
[2020-01-25T03:20:21.554508-02:00] name.WARNING: Manually process order: 67685 [] []
[2020-01-25T03:20:21.554537-02:00] name.WARNING: Proccessing order: 67685 [] []
[2020-01-25T03:20:26.404184-02:00] name.WARNING: Subscribing on MailChimp: 67685 [] []
[2020-01-25T03:20:26.593145-02:00] name.WARNING: Member Exists on list, tryng to update... [] []
[2020-01-25T03:20:26.951386-02:00] name.WARNING: Success updated to Mailchimp! [] []
[2020-01-25T03:20:26.951539-02:00] name.WARNING: ------------------[ route_woocommerce_webhooks ]------------------ END [] []
